#-----------------------------------------------------------
# Vivado v2014.4 (64-bit)
# SW Build 1071353 on Tue Nov 18 18:29:27 MST 2014
# IP Build 1070531 on Tue Nov 18 01:10:18 MST 2014
# Start of session at: Tue Jun 23 03:29:39 2015
# Process ID: 3912
# Log file: C:/Users/Dan/Desktop/Ahmed/FFT/vivado.log
# Journal file: C:/Users/Dan/Desktop/Ahmed/FFT\vivado.jou
#-----------------------------------------------------------
start_gui
open_project C:/Users/Dan/Desktop/Ahmed/FFT/FFT.xpr
Scanning sources...
Finished scanning sources
INFO: [IP_Flow 19-234] Refreshing IP repositories
INFO: [IP_Flow 19-1700] Loaded user IP repository 'c:/Users/Dan/Desktop/Ahmed/SineWave_Rom_1.0'.
INFO: [IP_Flow 19-2313] Loaded Vivado IP repository 'C:/Xilinx/Vivado/2014.4/data/ip'.
open_project: Time (s): cpu = 00:00:34 ; elapsed = 00:00:14 . Memory (MB): peak = 762.203 ; gain = 166.465
launch_sdk -workspace C:/Users/Dan/Desktop/Ahmed/FFT/FFT.sdk -hwspec C:/Users/Dan/Desktop/Ahmed/FFT/FFT.sdk/System_wrapper.hdf
INFO: [Vivado 12-393] Launching SDK...
INFO: [Vivado 12-417] Running xsdk -workspace C:/Users/Dan/Desktop/Ahmed/FFT/FFT.sdk -hwspec C:/Users/Dan/Desktop/Ahmed/FFT/FFT.sdk/System_wrapper.hdf
INFO: [Vivado 12-3157] SDK launch initiated. Please check console for any further messages.
open_bd_design {C:/Users/Dan/Desktop/Ahmed/FFT/FFT.srcs/sources_1/bd/System/System.bd}
Adding component instance block -- xilinx.com:ip:xfft:9.0 - xfft_0
Adding component instance block -- xilinx.com:ip:processing_system7:5.5 - processing_system7_0
Adding component instance block -- xilinx.com:ip:axi_dma:7.1 - axi_dma_0
Adding component instance block -- xilinx.com:ip:proc_sys_reset:5.0 - rst_processing_system7_0_100M
Adding component instance block -- xilinx.com:ip:xlconstant:1.1 - xlconstant_0
Adding component instance block -- xilinx.com:user:SineWave_Rom:1.0 - SineWave_Rom_0
Adding component instance block -- xilinx.com:ip:axi_crossbar:2.1 - xbar
Adding component instance block -- xilinx.com:ip:axi_protocol_converter:2.1 - auto_pc
Adding component instance block -- xilinx.com:ip:axi_dwidth_converter:2.1 - auto_us
Adding component instance block -- xilinx.com:ip:axi_dwidth_converter:2.1 - auto_us
Adding component instance block -- xilinx.com:ip:axi_protocol_converter:2.1 - auto_pc
Successfully read diagram <System> from BD file <C:/Users/Dan/Desktop/Ahmed/FFT/FFT.srcs/sources_1/bd/System/System.bd>
open_bd_design: Time (s): cpu = 00:00:12 ; elapsed = 00:00:10 . Memory (MB): peak = 830.211 ; gain = 48.840
exit
INFO: [Common 17-206] Exiting Vivado at Tue Jun 23 03:32:45 2015...
