#-----------------------------------------------------------
# Vivado v2014.4 (64-bit)
# SW Build 1071353 on Tue Nov 18 18:29:27 MST 2014
# IP Build 1070531 on Tue Nov 18 01:10:18 MST 2014
# Start of session at: Sun Jun 21 15:57:24 2015
# Process ID: 2424
# Log file: C:/Users/Dan/Desktop/Ahmed/FFT/vivado.log
# Journal file: C:/Users/Dan/Desktop/Ahmed/FFT\vivado.jou
#-----------------------------------------------------------
start_gui
open_project C:/Users/Dan/Desktop/Ahmed/FFT/FFT.xpr
INFO: [Project 1-313] Project file moved from 'C:/Ahmed/Vivado/FFT' since last save.
Scanning sources...
Finished scanning sources
WARNING: [filemgmt 56-2] IP Repository Path: Could not find the directory 'C:/Users/Dan/Desktop/Ahmed/ip_repo/SineWave_Rom_1.0', nor could it be found using path 'C:/Ahmed/Vivado/ip_repo/SineWave_Rom_1.0'.
WARNING: [filemgmt 56-2] IP Repository Path: Could not find the directory 'C:/Users/Dan/Desktop/Ahmed/ip_repo/SineWave_Rom_1.0', nor could it be found using path 'C:/Ahmed/Vivado/ip_repo/SineWave_Rom_1.0'.
INFO: [IP_Flow 19-234] Refreshing IP repositories
WARNING: [IP_Flow 19-2248] Failed to load user IP repository 'c:/Users/Dan/Desktop/Ahmed/ip_repo/SineWave_Rom_1.0'; Can't find the specified path.
If this directory should no longer be in your list of user repositories, go to the IP Settings dialog and remove it.
WARNING: [IP_Flow 19-2207] Repository 'c:/Users/Dan/Desktop/Ahmed/ip_repo/SineWave_Rom_1.0' already exists; ignoring attempt to add it again.
WARNING: [IP_Flow 19-2248] Failed to load user IP repository 'c:/Users/Dan/Desktop/Ahmed/ip_repo/SineWave_Rom_1.0'; Can't find the specified path.
If this directory should no longer be in your list of user repositories, go to the IP Settings dialog and remove it.
INFO: [IP_Flow 19-2313] Loaded Vivado IP repository 'C:/Xilinx/Vivado/2014.4/data/ip'.
WARNING: [BD 41-1303] One or more IPs have been locked in the design 'System.bd'. Please run report_ip_status for more details and recommendations on how to fix this issue.
open_project: Time (s): cpu = 00:00:33 ; elapsed = 00:00:17 . Memory (MB): peak = 765.523 ; gain = 187.543
open_bd_design {C:/Users/Dan/Desktop/Ahmed/FFT/FFT.srcs/sources_1/bd/System/System.bd}
Adding component instance block -- xilinx.com:ip:xfft:9.0 - xfft_0
Adding component instance block -- xilinx.com:ip:processing_system7:5.5 - processing_system7_0
Adding component instance block -- xilinx.com:ip:axi_dma:7.1 - axi_dma_0
Adding component instance block -- xilinx.com:ip:proc_sys_reset:5.0 - rst_processing_system7_0_100M
Adding component instance block -- xilinx.com:user:SineWave_Rom:1.0 - SineWave_Rom_0
Adding component instance block -- xilinx.com:ip:axi_crossbar:2.1 - xbar
Adding component instance block -- xilinx.com:ip:axi_protocol_converter:2.1 - auto_pc
Adding component instance block -- xilinx.com:ip:axi_dwidth_converter:2.1 - auto_us
Adding component instance block -- xilinx.com:ip:axi_dwidth_converter:2.1 - auto_us
Adding component instance block -- xilinx.com:ip:axi_protocol_converter:2.1 - auto_pc
Successfully read diagram <System> from BD file <C:/Users/Dan/Desktop/Ahmed/FFT/FFT.srcs/sources_1/bd/System/System.bd>
open_bd_design: Time (s): cpu = 00:00:16 ; elapsed = 00:00:18 . Memory (MB): peak = 826.133 ; gain = 60.609
launch_sdk -workspace C:/Users/Dan/Desktop/Ahmed/FFT/FFT.sdk -hwspec C:/Users/Dan/Desktop/Ahmed/FFT/FFT.sdk/System_wrapper.hdf
INFO: [Vivado 12-393] Launching SDK...
INFO: [Vivado 12-417] Running xsdk -workspace C:/Users/Dan/Desktop/Ahmed/FFT/FFT.sdk -hwspec C:/Users/Dan/Desktop/Ahmed/FFT/FFT.sdk/System_wrapper.hdf
INFO: [Vivado 12-3157] SDK launch initiated. Please check console for any further messages.
report_ip_status -name ip_status 
set_property ip_repo_paths  {c:/Users/Dan/Desktop/Ahmed/ip_repo/SineWave_Rom_1.0 C:/Users/Dan/Desktop/Ahmed/SineWave_Rom_1.0} [current_project]
update_ip_catalog
INFO: [IP_Flow 19-234] Refreshing IP repositories
WARNING: [IP_Flow 19-2248] Failed to load user IP repository 'c:/Users/Dan/Desktop/Ahmed/ip_repo/SineWave_Rom_1.0'; Can't find the specified path.
If this directory should no longer be in your list of user repositories, go to the IP Settings dialog and remove it.
INFO: [IP_Flow 19-1700] Loaded user IP repository 'c:/Users/Dan/Desktop/Ahmed/SineWave_Rom_1.0'.
set_property ip_repo_paths  c:/Users/Dan/Desktop/Ahmed/SineWave_Rom_1.0 [current_project]
update_ip_catalog
INFO: [IP_Flow 19-234] Refreshing IP repositories
INFO: [IP_Flow 19-1700] Loaded user IP repository 'c:/Users/Dan/Desktop/Ahmed/SineWave_Rom_1.0'.
report_ip_status -name ip_status 
launch_sdk -workspace C:/Users/Dan/Desktop/Ahmed/FFT/FFT.sdk -hwspec C:/Users/Dan/Desktop/Ahmed/FFT/FFT.sdk/System_wrapper.hdf
INFO: [Vivado 12-393] Launching SDK...
INFO: [Vivado 12-417] Running xsdk -workspace C:/Users/Dan/Desktop/Ahmed/FFT/FFT.sdk -hwspec C:/Users/Dan/Desktop/Ahmed/FFT/FFT.sdk/System_wrapper.hdf
INFO: [Vivado 12-3157] SDK launch initiated. Please check console for any further messages.
launch_sdk -workspace C:/Users/Dan/Desktop/Ahmed/FFT/FFT.sdk -hwspec C:/Users/Dan/Desktop/Ahmed/FFT/FFT.sdk/System_wrapper.hdf
INFO: [Vivado 12-393] Launching SDK...
INFO: [Vivado 12-417] Running xsdk -workspace C:/Users/Dan/Desktop/Ahmed/FFT/FFT.sdk -hwspec C:/Users/Dan/Desktop/Ahmed/FFT/FFT.sdk/System_wrapper.hdf
INFO: [Vivado 12-3157] SDK launch initiated. Please check console for any further messages.
launch_sdk -workspace C:/Users/Dan/Desktop/Ahmed/FFT/FFT.sdk -hwspec C:/Users/Dan/Desktop/Ahmed/FFT/FFT.sdk/System_wrapper.hdf
INFO: [Vivado 12-393] Launching SDK...
INFO: [Vivado 12-417] Running xsdk -workspace C:/Users/Dan/Desktop/Ahmed/FFT/FFT.sdk -hwspec C:/Users/Dan/Desktop/Ahmed/FFT/FFT.sdk/System_wrapper.hdf
INFO: [Vivado 12-3157] SDK launch initiated. Please check console for any further messages.
INFO: [Ipptcl 7-578] No Compatible Board Interface found.Board Tab not created
INFO: [Ipptcl 7-578] No Compatible Board Interface found.Board Tab not created
launch_sdk -workspace C:/Users/Dan/Desktop/Ahmed/FFT/FFT.sdk -hwspec C:/Users/Dan/Desktop/Ahmed/FFT/FFT.sdk/System_wrapper.hdf
INFO: [Vivado 12-393] Launching SDK...
INFO: [Vivado 12-417] Running xsdk -workspace C:/Users/Dan/Desktop/Ahmed/FFT/FFT.sdk -hwspec C:/Users/Dan/Desktop/Ahmed/FFT/FFT.sdk/System_wrapper.hdf
INFO: [Vivado 12-3157] SDK launch initiated. Please check console for any further messages.
launch_sdk -workspace C:/Users/Dan/Desktop/Ahmed/FFT/FFT.sdk -hwspec C:/Users/Dan/Desktop/Ahmed/FFT/FFT.sdk/System_wrapper.hdf
INFO: [Vivado 12-393] Launching SDK...
INFO: [Vivado 12-417] Running xsdk -workspace C:/Users/Dan/Desktop/Ahmed/FFT/FFT.sdk -hwspec C:/Users/Dan/Desktop/Ahmed/FFT/FFT.sdk/System_wrapper.hdf
INFO: [Vivado 12-3157] SDK launch initiated. Please check console for any further messages.
launch_sdk -workspace C:/Users/Dan/Desktop/Ahmed/FFT/FFT.sdk -hwspec C:/Users/Dan/Desktop/Ahmed/FFT/FFT.sdk/System_wrapper.hdf
INFO: [Vivado 12-393] Launching SDK...
INFO: [Vivado 12-417] Running xsdk -workspace C:/Users/Dan/Desktop/Ahmed/FFT/FFT.sdk -hwspec C:/Users/Dan/Desktop/Ahmed/FFT/FFT.sdk/System_wrapper.hdf
INFO: [Vivado 12-3157] SDK launch initiated. Please check console for any further messages.
launch_sdk -workspace C:/Users/Dan/Desktop/Ahmed/FFT/FFT.sdk -hwspec C:/Users/Dan/Desktop/Ahmed/FFT/FFT.sdk/System_wrapper.hdf
INFO: [Vivado 12-393] Launching SDK...
INFO: [Vivado 12-417] Running xsdk -workspace C:/Users/Dan/Desktop/Ahmed/FFT/FFT.sdk -hwspec C:/Users/Dan/Desktop/Ahmed/FFT/FFT.sdk/System_wrapper.hdf
INFO: [Vivado 12-3157] SDK launch initiated. Please check console for any further messages.
launch_sdk -workspace C:/Users/Dan/Desktop/Ahmed/FFT/FFT.sdk -hwspec C:/Users/Dan/Desktop/Ahmed/FFT/FFT.sdk/System_wrapper.hdf
INFO: [Vivado 12-393] Launching SDK...
INFO: [Vivado 12-417] Running xsdk -workspace C:/Users/Dan/Desktop/Ahmed/FFT/FFT.sdk -hwspec C:/Users/Dan/Desktop/Ahmed/FFT/FFT.sdk/System_wrapper.hdf
INFO: [Vivado 12-3157] SDK launch initiated. Please check console for any further messages.
launch_sdk -workspace C:/Users/Dan/Desktop/Ahmed/FFT/FFT.sdk -hwspec C:/Users/Dan/Desktop/Ahmed/FFT/FFT.sdk/System_wrapper.hdf
INFO: [Vivado 12-393] Launching SDK...
INFO: [Vivado 12-417] Running xsdk -workspace C:/Users/Dan/Desktop/Ahmed/FFT/FFT.sdk -hwspec C:/Users/Dan/Desktop/Ahmed/FFT/FFT.sdk/System_wrapper.hdf
INFO: [Vivado 12-3157] SDK launch initiated. Please check console for any further messages.
exit
INFO: [Common 17-206] Exiting Vivado at Sun Jun 21 19:12:02 2015...
