#-----------------------------------------------------------
# Vivado v2014.4 (64-bit)
# SW Build 1071353 on Tue Nov 18 18:29:27 MST 2014
# IP Build 1070531 on Tue Nov 18 01:10:18 MST 2014
# Start of session at: Tue Jun 23 02:04:47 2015
# Process ID: 9776
# Log file: G:/MS5LuniAjun/Project_1FFT/Project_1FFT/vivado.log
# Journal file: G:/MS5LuniAjun/Project_1FFT/Project_1FFT\vivado.jou
#-----------------------------------------------------------
start_gui
open_project G:/MS5LuniAjun/Project_1FFT/Project_1FFT/Project_1FFT.xpr
Scanning sources...
Finished scanning sources
INFO: [IP_Flow 19-234] Refreshing IP repositories
INFO: [IP_Flow 19-1700] Loaded user IP repository 'g:/MS5LuniAjun/trigger/trigger'.
INFO: [IP_Flow 19-2313] Loaded Vivado IP repository 'C:/Xilinx/Vivado/2014.4/data/ip'.
open_project: Time (s): cpu = 00:00:33 ; elapsed = 00:00:13 . Memory (MB): peak = 823.730 ; gain = 245.574
launch_sdk -workspace G:/MS5LuniAjun/Project_1FFT/Project_1FFT/Project_1FFT.sdk -hwspec G:/MS5LuniAjun/Project_1FFT/Project_1FFT/Project_1FFT.sdk/design_1_wrapper.hdf
INFO: [Vivado 12-393] Launching SDK...
INFO: [Vivado 12-417] Running xsdk -workspace G:/MS5LuniAjun/Project_1FFT/Project_1FFT/Project_1FFT.sdk -hwspec G:/MS5LuniAjun/Project_1FFT/Project_1FFT/Project_1FFT.sdk/design_1_wrapper.hdf
INFO: [Vivado 12-3157] SDK launch initiated. Please check console for any further messages.
exit
INFO: [Common 17-206] Exiting Vivado at Tue Jun 23 02:28:29 2015...
