#-----------------------------------------------------------
# Vivado v2014.4 (64-bit)
# SW Build 1071353 on Tue Nov 18 18:29:27 MST 2014
# IP Build 1070531 on Tue Nov 18 01:10:18 MST 2014
# Start of session at: Sun Jun 21 16:04:42 2015
# Process ID: 4804
# Log file: C:/Users/Dan/Desktop/Ahmed/SineWave_Rom_1.0/sinewave_rom_v1_0_project/vivado.log
# Journal file: C:/Users/Dan/Desktop/Ahmed/SineWave_Rom_1.0/sinewave_rom_v1_0_project\vivado.jou
#-----------------------------------------------------------
start_gui
open_project C:/Users/Dan/Desktop/Ahmed/SineWave_Rom_1.0/sinewave_rom_v1_0_project/SineWave_Rom_v1_0_project.xpr
INFO: [Project 1-313] Project file moved from 'c:/ahmed/vivado/ip_repo/sinewave_rom_1.0/sinewave_rom_v1_0_project' since last save.
Scanning sources...
Finished scanning sources
WARNING: [filemgmt 56-2] IP Repository Path: Could not find the directory 'C:/Users/Ahmed/Vivado/ip_repo/SineWave_Rom_1.0', nor could it be found using path 'c:/Ahmed/Vivado/ip_repo/SineWave_Rom_1.0'.
WARNING: [filemgmt 56-2] IP Repository Path: Could not find the directory 'C:/Users/Ahmed/Vivado/ip_repo/SineWave_Rom_1.0', nor could it be found using path 'c:/Ahmed/Vivado/ip_repo/SineWave_Rom_1.0'.
INFO: [IP_Flow 19-234] Refreshing IP repositories
WARNING: [IP_Flow 19-2248] Failed to load user IP repository 'c:/Users/Ahmed/Vivado/ip_repo/SineWave_Rom_1.0'; Can't find the specified path.
If this directory should no longer be in your list of user repositories, go to the IP Settings dialog and remove it.
WARNING: [IP_Flow 19-2207] Repository 'c:/Users/Ahmed/Vivado/ip_repo/SineWave_Rom_1.0' already exists; ignoring attempt to add it again.
WARNING: [IP_Flow 19-2248] Failed to load user IP repository 'c:/Users/Ahmed/Vivado/ip_repo/SineWave_Rom_1.0'; Can't find the specified path.
If this directory should no longer be in your list of user repositories, go to the IP Settings dialog and remove it.
INFO: [IP_Flow 19-2313] Loaded Vivado IP repository 'C:/Xilinx/Vivado/2014.4/data/ip'.
exit
INFO: [Common 17-206] Exiting Vivado at Sun Jun 21 16:21:55 2015...
